<?xml version="1.0" encoding="UTF-8"?>
<testsuite xmlns:xsi="http://www.w3.org/2001/XMLSchema-instance" xsi:noNamespaceSchemaLocation="https://maven.apache.org/surefire/maven-surefire-plugin/xsd/surefire-test-report-3.0.xsd" version="3.0" name="com.example.userregistration.BCryptTest" time="0.335" tests="1" errors="0" skipped="0" failures="0">
  <properties>
    <property name="java.specification.version" value="24"/>
    <property name="sun.jnu.encoding" value="UTF-8"/>
    <property name="java.class.path" value="/Users/rajkumar/akilaassi/target/test-classes:/Users/rajkumar/akilaassi/target/classes:/Users/rajkumar/.m2/repository/jakarta/servlet/jakarta.servlet-api/6.0.0/jakarta.servlet-api-6.0.0.jar:/Users/rajkumar/.m2/repository/jakarta/servlet/jsp/jakarta.servlet.jsp-api/3.1.0/jakarta.servlet.jsp-api-3.1.0.jar:/Users/rajkumar/.m2/repository/org/glassfish/web/jakarta.servlet.jsp.jstl/3.0.0/jakarta.servlet.jsp.jstl-3.0.0.jar:/Users/rajkumar/.m2/repository/jakarta/servlet/jsp/jstl/jakarta.servlet.jsp.jstl-api/3.0.0/jakarta.servlet.jsp.jstl-api-3.0.0.jar:/Users/rajkumar/.m2/repository/jakarta/el/jakarta.el-api/5.0.0/jakarta.el-api-5.0.0.jar:/Users/rajkumar/.m2/repository/org/apache/tomcat/embed/tomcat-embed-jasper/11.0.0/tomcat-embed-jasper-11.0.0.jar:/Users/rajkumar/.m2/repository/org/apache/tomcat/embed/tomcat-embed-core/11.0.0/tomcat-embed-core-11.0.0.jar:/Users/rajkumar/.m2/repository/org/apache/tomcat/tomcat-annotations-api/11.0.0/tomcat-annotations-api-11.0.0.jar:/Users/rajkumar/.m2/repository/org/eclipse/jdt/ecj/3.39.0/ecj-3.39.0.jar:/Users/rajkumar/.m2/repository/org/apache/tomcat/embed/tomcat-embed-el/11.0.0/tomcat-embed-el-11.0.0.jar:/Users/rajkumar/.m2/repository/com/mysql/mysql-connector-j/8.0.33/mysql-connector-j-8.0.33.jar:/Users/rajkumar/.m2/repository/com/google/protobuf/protobuf-java/3.21.9/protobuf-java-3.21.9.jar:/Users/rajkumar/.m2/repository/org/mindrot/jbcrypt/0.4/jbcrypt-0.4.jar:/Users/rajkumar/.m2/repository/junit/junit/4.13.2/junit-4.13.2.jar:/Users/rajkumar/.m2/repository/org/hamcrest/hamcrest-core/1.3/hamcrest-core-1.3.jar:/Users/rajkumar/.m2/repository/com/google/code/gson/gson/2.10.1/gson-2.10.1.jar:/Users/rajkumar/.m2/repository/org/slf4j/slf4j-api/2.0.12/slf4j-api-2.0.12.jar:/Users/rajkumar/.m2/repository/org/slf4j/slf4j-simple/2.0.12/slf4j-simple-2.0.12.jar:"/>
    <property name="java.vm.vendor" value="Homebrew"/>
    <property name="sun.arch.data.model" value="64"/>
    <property name="java.vendor.url" value="https://github.com/Homebrew/homebrew-core/issues"/>
    <property name="os.name" value="Mac OS X"/>
    <property name="java.vm.specification.version" value="24"/>
    <property name="sun.java.launcher" value="SUN_STANDARD"/>
    <property name="user.country" value="IN"/>
    <property name="sun.boot.library.path" value="/opt/homebrew/Cellar/openjdk/24.0.1/libexec/openjdk.jdk/Contents/Home/lib"/>
    <property name="sun.java.command" value="/Users/rajkumar/akilaassi/target/surefire/surefirebooter-20250612105121771_3.jar /Users/rajkumar/akilaassi/target/surefire 2025-06-12T10-51-21_686-jvmRun1 surefire-20250612105121771_1tmp surefire_0-20250612105121771_2tmp"/>
    <property name="http.nonProxyHosts" value="local|*.local|169.254/16|*.169.254/16"/>
    <property name="jdk.debug" value="release"/>
    <property name="surefire.test.class.path" value="/Users/rajkumar/akilaassi/target/test-classes:/Users/rajkumar/akilaassi/target/classes:/Users/rajkumar/.m2/repository/jakarta/servlet/jakarta.servlet-api/6.0.0/jakarta.servlet-api-6.0.0.jar:/Users/rajkumar/.m2/repository/jakarta/servlet/jsp/jakarta.servlet.jsp-api/3.1.0/jakarta.servlet.jsp-api-3.1.0.jar:/Users/rajkumar/.m2/repository/org/glassfish/web/jakarta.servlet.jsp.jstl/3.0.0/jakarta.servlet.jsp.jstl-3.0.0.jar:/Users/rajkumar/.m2/repository/jakarta/servlet/jsp/jstl/jakarta.servlet.jsp.jstl-api/3.0.0/jakarta.servlet.jsp.jstl-api-3.0.0.jar:/Users/rajkumar/.m2/repository/jakarta/el/jakarta.el-api/5.0.0/jakarta.el-api-5.0.0.jar:/Users/rajkumar/.m2/repository/org/apache/tomcat/embed/tomcat-embed-jasper/11.0.0/tomcat-embed-jasper-11.0.0.jar:/Users/rajkumar/.m2/repository/org/apache/tomcat/embed/tomcat-embed-core/11.0.0/tomcat-embed-core-11.0.0.jar:/Users/rajkumar/.m2/repository/org/apache/tomcat/tomcat-annotations-api/11.0.0/tomcat-annotations-api-11.0.0.jar:/Users/rajkumar/.m2/repository/org/eclipse/jdt/ecj/3.39.0/ecj-3.39.0.jar:/Users/rajkumar/.m2/repository/org/apache/tomcat/embed/tomcat-embed-el/11.0.0/tomcat-embed-el-11.0.0.jar:/Users/rajkumar/.m2/repository/com/mysql/mysql-connector-j/8.0.33/mysql-connector-j-8.0.33.jar:/Users/rajkumar/.m2/repository/com/google/protobuf/protobuf-java/3.21.9/protobuf-java-3.21.9.jar:/Users/rajkumar/.m2/repository/org/mindrot/jbcrypt/0.4/jbcrypt-0.4.jar:/Users/rajkumar/.m2/repository/junit/junit/4.13.2/junit-4.13.2.jar:/Users/rajkumar/.m2/repository/org/hamcrest/hamcrest-core/1.3/hamcrest-core-1.3.jar:/Users/rajkumar/.m2/repository/com/google/code/gson/gson/2.10.1/gson-2.10.1.jar:/Users/rajkumar/.m2/repository/org/slf4j/slf4j-api/2.0.12/slf4j-api-2.0.12.jar:/Users/rajkumar/.m2/repository/org/slf4j/slf4j-simple/2.0.12/slf4j-simple-2.0.12.jar:"/>
    <property name="sun.cpu.endian" value="little"/>
    <property name="user.home" value="/Users/rajkumar"/>
    <property name="user.language" value="en"/>
    <property name="java.specification.vendor" value="Oracle Corporation"/>
    <property name="java.version.date" value="2025-04-15"/>
    <property name="java.home" value="/opt/homebrew/Cellar/openjdk/24.0.1/libexec/openjdk.jdk/Contents/Home"/>
    <property name="file.separator" value="/"/>
    <property name="basedir" value="/Users/rajkumar/akilaassi"/>
    <property name="java.vm.compressedOopsMode" value="Zero based"/>
    <property name="line.separator" value="&#10;"/>
    <property name="java.vm.specification.vendor" value="Oracle Corporation"/>
    <property name="java.specification.name" value="Java Platform API Specification"/>
    <property name="apple.awt.application.name" value="ForkedBooter"/>
    <property name="surefire.real.class.path" value="/Users/rajkumar/akilaassi/target/surefire/surefirebooter-20250612105121771_3.jar"/>
    <property name="sun.management.compiler" value="HotSpot 64-Bit Tiered Compilers"/>
    <property name="ftp.nonProxyHosts" value="local|*.local|169.254/16|*.169.254/16"/>
    <property name="java.runtime.version" value="24.0.1"/>
    <property name="user.name" value="rajkumar"/>
    <property name="stdout.encoding" value="UTF-8"/>
    <property name="path.separator" value=":"/>
    <property name="os.version" value="15.5"/>
    <property name="java.runtime.name" value="OpenJDK Runtime Environment"/>
    <property name="file.encoding" value="UTF-8"/>
    <property name="java.vm.name" value="OpenJDK 64-Bit Server VM"/>
    <property name="java.vendor.version" value="Homebrew"/>
    <property name="localRepository" value="/Users/rajkumar/.m2/repository"/>
    <property name="java.vendor.url.bug" value="https://github.com/Homebrew/homebrew-core/issues"/>
    <property name="java.io.tmpdir" value="/var/folders/xq/gy8gv85x2kj7bs6m9jp9t5480000gn/T/"/>
    <property name="java.version" value="24.0.1"/>
    <property name="user.dir" value="/Users/rajkumar/akilaassi"/>
    <property name="os.arch" value="aarch64"/>
    <property name="java.vm.specification.name" value="Java Virtual Machine Specification"/>
    <property name="native.encoding" value="UTF-8"/>
    <property name="java.library.path" value="/Users/rajkumar/Library/Java/Extensions:/Library/Java/Extensions:/Network/Library/Java/Extensions:/System/Library/Java/Extensions:/usr/lib/java:."/>
    <property name="java.vm.info" value="mixed mode, sharing"/>
    <property name="stderr.encoding" value="UTF-8"/>
    <property name="java.vendor" value="Homebrew"/>
    <property name="java.vm.version" value="24.0.1"/>
    <property name="sun.io.unicode.encoding" value="UnicodeBig"/>
    <property name="socksNonProxyHosts" value="local|*.local|169.254/16|*.169.254/16"/>
    <property name="java.class.version" value="68.0"/>
  </properties>
  <testcase name="testBCryptPasswordHashing" classname="com.example.userregistration.BCryptTest" time="0.306">
    <system-out><![CDATA[Password matches hash: true
New hash: $2a$10$YhQCX.BduSjBTeEVvgHuO.OyHwrRvnpWFXtca0EmqDgZmnibgND5q
New hash matches password: true
]]></system-out>
  </testcase>
</testsuite>